<?xml version="1.0" encoding="UTF-8"?>
<!-- Generated by org.testng.reporters.JUnitReportReporter -->
<testsuite hostname="DESKTOP-SALBTN0" failures="0" tests="3" name="SeleniumWithTestNG.SeleniumWithTestNG.Basetestlogin" time="80.845" errors="0" timestamp="17 Apr 2022 12:06:54 GMT" skipped="0">
  <testcase classname="SeleniumWithTestNG.SeleniumWithTestNG.Basetestlogin" name="homepage" time="16.529"/>
  <testcase classname="SeleniumWithTestNG.SeleniumWithTestNG.Basetestlogin" name="pimpage" time="49.748"/>
  <testcase classname="SeleniumWithTestNG.SeleniumWithTestNG.Basetestlogin" name="searchPIMUserpage" time="14.568"/>
</testsuite> <!-- SeleniumWithTestNG.SeleniumWithTestNG.Basetestlogin -->
