<?xml version="1.0" encoding="UTF-8"?>
<!-- Generated by org.testng.reporters.JUnitReportReporter -->
<testsuite hostname="DESKTOP-SALBTN0" failures="0" tests="4" name="SeleniumWithTestNG.SeleniumWithTestNG.Demo6" time="0.039" errors="0" timestamp="17 Apr 2022 11:01:40 GMT" skipped="0">
  <testcase classname="SeleniumWithTestNG.SeleniumWithTestNG.Demo6" name="homeFunctionality" time="0.002"/>
  <testcase classname="SeleniumWithTestNG.SeleniumWithTestNG.Demo6" name="pimFunctionality" time="0.003"/>
  <testcase classname="SeleniumWithTestNG.SeleniumWithTestNG.Demo6" name="logoutFunctionality" time="0.004"/>
  <testcase classname="SeleniumWithTestNG.SeleniumWithTestNG.Demo6" name="loginFunctionality" time="0.030"/>
</testsuite> <!-- SeleniumWithTestNG.SeleniumWithTestNG.Demo6 -->
