<?xml version="1.0" encoding="UTF-8"?>
<!-- Generated by org.testng.reporters.JUnitReportReporter -->
<testsuite hostname="DESKTOP-SALBTN0" failures="0" tests="3" name="SeleniumWithTestNG.SeleniumWithTestNG.Demo10" time="0.028" errors="0" timestamp="18 Apr 2022 10:38:03 GMT" skipped="0">
  <testcase classname="SeleniumWithTestNG.SeleniumWithTestNG.Demo10" name="homepage" time="0.023"/>
  <testcase classname="SeleniumWithTestNG.SeleniumWithTestNG.Demo10" name="PIMUserCreatepage" time="0.003"/>
  <testcase classname="SeleniumWithTestNG.SeleniumWithTestNG.Demo10" name="Searchuser" time="0.002"/>
</testsuite> <!-- SeleniumWithTestNG.SeleniumWithTestNG.Demo10 -->
