<?xml version="1.0" encoding="UTF-8"?>
<!-- Generated by org.testng.reporters.JUnitReportReporter -->
<testsuite hostname="DESKTOP-SALBTN0" failures="0" tests="2" name="TestNg_PracticeXML.Demo4" time="0.011" errors="0" timestamp="18 Apr 2022 11:59:19 GMT" skipped="0">
  <testcase classname="TestNg_PracticeXML.Demo4" name="abc" time="0.009"/>
  <testcase classname="TestNg_PracticeXML.Demo4" name="xyz" time="0.002"/>
</testsuite> <!-- TestNg_PracticeXML.Demo4 -->
