<?xml version="1.0" encoding="UTF-8"?>
<!-- Generated by org.testng.reporters.JUnitReportReporter -->
<testsuite hostname="DESKTOP-SALBTN0" failures="0" tests="2" name="SeleniumWithTestNG.SeleniumWithTestNG.Demo8" time="0.072" errors="0" timestamp="17 Apr 2022 11:48:40 GMT" skipped="0">
  <testcase classname="SeleniumWithTestNG.SeleniumWithTestNG.Demo8" name="Pm" time="0.030"/>
  <testcase classname="SeleniumWithTestNG.SeleniumWithTestNG.Demo8" name="Login" time="0.042"/>
</testsuite> <!-- SeleniumWithTestNG.SeleniumWithTestNG.Demo8 -->
