<?xml version="1.0" encoding="UTF-8"?>
<!-- Generated by org.testng.reporters.JUnitReportReporter -->
<testsuite hostname="DESKTOP-SALBTN0" failures="0" tests="4" name="GroupTestNG_Prog.Demo1" time="0.050" errors="0" timestamp="19 Apr 2022 08:47:56 GMT" skipped="0">
  <testcase classname="GroupTestNG_Prog.Demo1" name="login" time="0.030"/>
  <testcase classname="GroupTestNG_Prog.Demo1" name="addNewEmpInAdmin" time="0.003"/>
  <testcase classname="GroupTestNG_Prog.Demo1" name="deleteNewEmpInAdmin" time="0.006"/>
  <testcase classname="GroupTestNG_Prog.Demo1" name="logout" time="0.011"/>
</testsuite> <!-- GroupTestNG_Prog.Demo1 -->
