<?xml version="1.0" encoding="UTF-8"?>
<!-- Generated by org.testng.reporters.JUnitReportReporter -->
<testsuite hostname="DESKTOP-SALBTN0" failures="0" tests="2" name="GroupTestNG_Prog.Demo" time="0.024" errors="0" timestamp="19 Apr 2022 08:45:19 GMT" skipped="0">
  <testcase classname="GroupTestNG_Prog.Demo" name="Down" time="0.021"/>
  <testcase classname="GroupTestNG_Prog.Demo" name="Search" time="0.003"/>
</testsuite> <!-- GroupTestNG_Prog.Demo -->
