<?xml version="1.0" encoding="UTF-8"?>
<!-- Generated by org.testng.reporters.JUnitReportReporter -->
<testsuite hostname="DESKTOP-SALBTN0" failures="0" tests="2" name="TestNg_PracticeXML.Demo5" time="0.019" errors="0" timestamp="18 Apr 2022 12:05:35 GMT" skipped="0">
  <testcase classname="TestNg_PracticeXML.Demo5" name="abc" time="0.014"/>
  <testcase classname="TestNg_PracticeXML.Demo5" name="xyz" time="0.005"/>
</testsuite> <!-- TestNg_PracticeXML.Demo5 -->
