<?xml version="1.0" encoding="UTF-8"?>
<!-- Generated by org.testng.reporters.JUnitReportReporter -->
<testsuite hostname="DESKTOP-SALBTN0" failures="0" tests="1" name="SeleniumWithTestNG.SeleniumWithTestNG.Demo3" time="0.023" errors="0" timestamp="17 Apr 2022 09:31:33 GMT" skipped="0">
  <testcase classname="SeleniumWithTestNG.SeleniumWithTestNG.Demo3" name="testcasesa" time="0.023"/>
</testsuite> <!-- SeleniumWithTestNG.SeleniumWithTestNG.Demo3 -->
