<?xml version="1.0" encoding="UTF-8"?>
<!-- Generated by org.testng.reporters.JUnitReportReporter -->
<testsuite hostname="DESKTOP-SALBTN0" failures="0" tests="1" name="ParallelTutorial.chromeDemo" time="42.298" errors="0" timestamp="22 Apr 2022 10:30:23 GMT" skipped="0">
  <testcase classname="ParallelTutorial.chromeDemo" name="loginByChrome" time="42.298"/>
</testsuite> <!-- ParallelTutorial.chromeDemo -->
