<?xml version="1.0" encoding="UTF-8"?>
<!-- Generated by org.testng.reporters.JUnitReportReporter -->
<testsuite hostname="DESKTOP-SALBTN0" failures="0" tests="1" name="SeleniumWithTestNG.SeleniumWithTestNG.Demo" time="0.032" errors="0" timestamp="17 Apr 2022 09:16:15 GMT" skipped="0">
  <testcase classname="SeleniumWithTestNG.SeleniumWithTestNG.Demo" name="testz" time="0.032"/>
</testsuite> <!-- SeleniumWithTestNG.SeleniumWithTestNG.Demo -->
