<?xml version="1.0" encoding="UTF-8"?>
<!-- Generated by org.testng.reporters.JUnitReportReporter -->
<testsuite hostname="DESKTOP-SALBTN0" failures="0" tests="3" name="SeleniumWithTestNG.SeleniumWithTestNG.Demo1" time="0.032" errors="0" timestamp="17 Apr 2022 09:24:31 GMT" skipped="0">
  <testcase classname="SeleniumWithTestNG.SeleniumWithTestNG.Demo1" name="Logout" time="0.025"/>
  <testcase classname="SeleniumWithTestNG.SeleniumWithTestNG.Demo1" name="Search" time="0.004"/>
  <testcase classname="SeleniumWithTestNG.SeleniumWithTestNG.Demo1" name="Login" time="0.003"/>
</testsuite> <!-- SeleniumWithTestNG.SeleniumWithTestNG.Demo1 -->
