<?xml version="1.0" encoding="UTF-8"?>
<!-- Generated by org.testng.reporters.JUnitReportReporter -->
<testsuite hostname="DESKTOP-SALBTN0" failures="0" tests="2" name="TestNg_PracticeXML.Demo1" time="0.005" errors="0" timestamp="18 Apr 2022 11:54:20 GMT" skipped="0">
  <testcase classname="TestNg_PracticeXML.Demo1" name="pqr" time="0.002"/>
  <testcase classname="TestNg_PracticeXML.Demo1" name="lmn" time="0.003"/>
</testsuite> <!-- TestNg_PracticeXML.Demo1 -->
