<?xml version="1.0" encoding="UTF-8"?>
<!-- Generated by org.testng.reporters.JUnitReportReporter -->
<testsuite hostname="DESKTOP-SALBTN0" failures="0" tests="3" name="SeleniumWithTestNG.SeleniumWithTestNG.Demo2" time="0.045" errors="0" timestamp="17 Apr 2022 09:29:49 GMT" skipped="0">
  <testcase classname="SeleniumWithTestNG.SeleniumWithTestNG.Demo2" name="pune" time="0.002"/>
  <testcase classname="SeleniumWithTestNG.SeleniumWithTestNG.Demo2" name="mumbai" time="0.040"/>
  <testcase classname="SeleniumWithTestNG.SeleniumWithTestNG.Demo2" name="nashik" time="0.003"/>
</testsuite> <!-- SeleniumWithTestNG.SeleniumWithTestNG.Demo2 -->
